<?xml version="1.0" encoding="UTF-8"?>
<testng-results ignored="0" total="2" passed="1" failed="1" skipped="0">
  <reporter-output>
  </reporter-output>
  <suite started-at="2023-05-20T12:28:00 IST" name="Suite" finished-at="2023-05-20T12:29:10 IST" duration-ms="70383">
    <groups>
    </groups>
    <test started-at="2023-05-20T12:28:00 IST" name="Test_FireFox" finished-at="2023-05-20T12:29:09 IST" duration-ms="69809">
      <class name="framework11.Parallelexec">
        <test-method signature="test1(java.lang.String)[pri:0, instance:framework11.Parallelexec@e1de817]" started-at="2023-05-20T12:28:00 IST" name="test1" finished-at="2023-05-20T12:29:09 IST" duration-ms="69732" status="PASS">
          <params>
            <param index="0">
              <value>
                <![CDATA[firefox]]>
              </value>
            </param>
          </params>
          <reporter-output>
          </reporter-output>
        </test-method> <!-- test1 -->
      </class> <!-- framework11.Parallelexec -->
    </test> <!-- Test_FireFox -->
    <test started-at="2023-05-20T12:28:00 IST" name="Test_Chrome" finished-at="2023-05-20T12:29:10 IST" duration-ms="70383">
      <class name="framework11.Parallelexec">
        <test-method signature="test1(java.lang.String)[pri:0, instance:framework11.Parallelexec@29d89d5d]" started-at="2023-05-20T12:28:00 IST" name="test1" finished-at="2023-05-20T12:29:10 IST" duration-ms="70302" status="FAIL">
          <params>
            <param index="0">
              <value>
                <![CDATA[chrome]]>
              </value>
            </param>
          </params>
          <exception class="org.openqa.selenium.WebDriverException">
            <message>
              <![CDATA[chrome not reachable
Build info: version: '3.141.59', revision: 'e82be7d358', time: '2018-11-14T08:25:53'
System info: host: 'DESKTOP-HBH0RR9', ip: '192.168.1.143', os.name: 'Windows 10', os.arch: 'amd64', os.version: '10.0', java.version: '17.0.6'
Driver info: driver.version: ChromeDriver
remote stacktrace: Backtrace:
GetHandleVerifier [0x00628893+48451]
(No symbol) [0x005BB8A1]
(No symbol) [0x004C4F20]
(No symbol) [0x004BB0E5]
(No symbol) [0x004E5858]
(No symbol) [0x004E1AA3]
(No symbol) [0x004E0019]
(No symbol) [0x00510798]
(No symbol) [0x0051047C]
(No symbol) [0x0050A0B6]
(No symbol) [0x004E7E08]
(No symbol) [0x004E8F2D]
GetHandleVerifier [0x00888E3A+2540266]
GetHandleVerifier [0x008C8959+2801161]
GetHandleVerifier [0x008C295C+2776588]
GetHandleVerifier [0x006B2280+612144]
(No symbol) [0x005C4F6C]
(No symbol) [0x005C11D8]
(No symbol) [0x005C12BB]
(No symbol) [0x005B4857]
BaseThreadInitThunk [0x771100C9+25]
RtlGetAppContainerNamedObjectPath [0x77917B4E+286]
RtlGetAppContainerNamedObjectPath [0x77917B1E+238]
]]>
            </message>
            <full-stacktrace>
              <![CDATA[org.openqa.selenium.WebDriverException: chrome not reachable
Build info: version: '3.141.59', revision: 'e82be7d358', time: '2018-11-14T08:25:53'
System info: host: 'DESKTOP-HBH0RR9', ip: '192.168.1.143', os.name: 'Windows 10', os.arch: 'amd64', os.version: '10.0', java.version: '17.0.6'
Driver info: driver.version: ChromeDriver
remote stacktrace: Backtrace:
GetHandleVerifier [0x00628893+48451]
(No symbol) [0x005BB8A1]
(No symbol) [0x004C4F20]
(No symbol) [0x004BB0E5]
(No symbol) [0x004E5858]
(No symbol) [0x004E1AA3]
(No symbol) [0x004E0019]
(No symbol) [0x00510798]
(No symbol) [0x0051047C]
(No symbol) [0x0050A0B6]
(No symbol) [0x004E7E08]
(No symbol) [0x004E8F2D]
GetHandleVerifier [0x00888E3A+2540266]
GetHandleVerifier [0x008C8959+2801161]
GetHandleVerifier [0x008C295C+2776588]
GetHandleVerifier [0x006B2280+612144]
(No symbol) [0x005C4F6C]
(No symbol) [0x005C11D8]
(No symbol) [0x005C12BB]
(No symbol) [0x005B4857]
BaseThreadInitThunk [0x771100C9+25]
RtlGetAppContainerNamedObjectPath [0x77917B4E+286]
RtlGetAppContainerNamedObjectPath [0x77917B1E+238]

at java.base/jdk.internal.reflect.NativeConstructorAccessorImpl.newInstance0(Native Method)
at java.base/jdk.internal.reflect.NativeConstructorAccessorImpl.newInstance(NativeConstructorAccessorImpl.java:77)
at java.base/jdk.internal.reflect.DelegatingConstructorAccessorImpl.newInstance(DelegatingConstructorAccessorImpl.java:45)
at java.base/java.lang.reflect.Constructor.newInstanceWithCaller(Constructor.java:499)
at java.base/java.lang.reflect.Constructor.newInstance(Constructor.java:480)
at org.openqa.selenium.remote.W3CHandshakeResponse.lambda$errorHandler$0(W3CHandshakeResponse.java:62)
at org.openqa.selenium.remote.HandshakeResponse.lambda$getResponseFunction$0(HandshakeResponse.java:30)
at org.openqa.selenium.remote.ProtocolHandshake.lambda$createSession$0(ProtocolHandshake.java:126)
at java.base/java.util.stream.ReferencePipeline$3$1.accept(ReferencePipeline.java:197)
at java.base/java.util.Spliterators$ArraySpliterator.tryAdvance(Spliterators.java:1002)
at java.base/java.util.stream.ReferencePipeline.forEachWithCancel(ReferencePipeline.java:129)
at java.base/java.util.stream.AbstractPipeline.copyIntoWithCancel(AbstractPipeline.java:527)
at java.base/java.util.stream.AbstractPipeline.copyInto(AbstractPipeline.java:513)
at java.base/java.util.stream.AbstractPipeline.wrapAndCopyInto(AbstractPipeline.java:499)
at java.base/java.util.stream.FindOps$FindOp.evaluateSequential(FindOps.java:150)
at java.base/java.util.stream.AbstractPipeline.evaluate(AbstractPipeline.java:234)
at java.base/java.util.stream.ReferencePipeline.findFirst(ReferencePipeline.java:647)
at org.openqa.selenium.remote.ProtocolHandshake.createSession(ProtocolHandshake.java:128)
at org.openqa.selenium.remote.ProtocolHandshake.createSession(ProtocolHandshake.java:74)
at org.openqa.selenium.remote.HttpCommandExecutor.execute(HttpCommandExecutor.java:136)
at org.openqa.selenium.remote.service.DriverCommandExecutor.execute(DriverCommandExecutor.java:83)
at org.openqa.selenium.remote.RemoteWebDriver.execute(RemoteWebDriver.java:552)
at org.openqa.selenium.remote.RemoteWebDriver.startSession(RemoteWebDriver.java:213)
at org.openqa.selenium.remote.RemoteWebDriver.<init>(RemoteWebDriver.java:131)
at org.openqa.selenium.chrome.ChromeDriver.<init>(ChromeDriver.java:181)
at org.openqa.selenium.chrome.ChromeDriver.<init>(ChromeDriver.java:168)
at org.openqa.selenium.chrome.ChromeDriver.<init>(ChromeDriver.java:123)
at framework11.Parallelexec.test1(Parallelexec.java:19)
at java.base/jdk.internal.reflect.NativeMethodAccessorImpl.invoke0(Native Method)
at java.base/jdk.internal.reflect.NativeMethodAccessorImpl.invoke(NativeMethodAccessorImpl.java:77)
at java.base/jdk.internal.reflect.DelegatingMethodAccessorImpl.invoke(DelegatingMethodAccessorImpl.java:43)
at java.base/java.lang.reflect.Method.invoke(Method.java:568)
at org.testng.internal.MethodInvocationHelper.invokeMethod(MethodInvocationHelper.java:133)
at org.testng.internal.TestInvoker.invokeMethod(TestInvoker.java:598)
at org.testng.internal.TestInvoker.invokeTestMethod(TestInvoker.java:173)
at org.testng.internal.MethodRunner.runInSequence(MethodRunner.java:46)
at org.testng.internal.TestInvoker$MethodInvocationAgent.invoke(TestInvoker.java:824)
at org.testng.internal.TestInvoker.invokeTestMethods(TestInvoker.java:146)
at org.testng.internal.TestMethodWorker.invokeTestMethods(TestMethodWorker.java:146)
at org.testng.internal.TestMethodWorker.run(TestMethodWorker.java:128)
at java.base/java.util.ArrayList.forEach(ArrayList.java:1511)
at org.testng.TestRunner.privateRun(TestRunner.java:794)
at org.testng.TestRunner.run(TestRunner.java:596)
at org.testng.SuiteRunner.runTest(SuiteRunner.java:377)
at org.testng.SuiteRunner.access$000(SuiteRunner.java:28)
at org.testng.SuiteRunner$SuiteWorker.run(SuiteRunner.java:418)
at org.testng.internal.thread.ThreadUtil.lambda$execute$0(ThreadUtil.java:64)
at java.base/java.util.concurrent.FutureTask.run(FutureTask.java:264)
at java.base/java.util.concurrent.ThreadPoolExecutor.runWorker(ThreadPoolExecutor.java:1136)
at java.base/java.util.concurrent.ThreadPoolExecutor$Worker.run(ThreadPoolExecutor.java:635)
at java.base/java.lang.Thread.run(Thread.java:833)
]]>
            </full-stacktrace>
          </exception> <!-- org.openqa.selenium.WebDriverException -->
          <reporter-output>
          </reporter-output>
        </test-method> <!-- test1 -->
      </class> <!-- framework11.Parallelexec -->
    </test> <!-- Test_Chrome -->
  </suite> <!-- Suite -->
</testng-results>
